<?xml version="1.0" encoding="UTF-8"?>
<coverage generated="1698919276840" clover="3.2.0">
  <project timestamp="1698919276840" name="All files">
    <metrics statements="33" coveredstatements="13" conditionals="16" coveredconditionals="2" methods="12" coveredmethods="1" elements="61" coveredelements="16" complexity="0" loc="33" ncloc="33" packages="1" files="4" classes="4"/>
    <file name="db.js" path="/Users/yawboateng/Desktop/Datamatiker/2. semester/Programmering/Test(P)/demo-testing-DAT/db.js">
      <metrics statements="8" coveredstatements="3" conditionals="0" coveredconditionals="0" methods="3" coveredmethods="0"/>
      <line num="4" count="1" type="stmt"/>
      <line num="5" count="0" type="stmt"/>
      <line num="6" count="0" type="stmt"/>
      <line num="10" count="1" type="stmt"/>
      <line num="11" count="0" type="stmt"/>
      <line num="12" count="0" type="stmt"/>
      <line num="13" count="0" type="stmt"/>
      <line num="17" count="1" type="stmt"/>
    </file>
    <file name="fizzbuzz.js" path="/Users/yawboateng/Desktop/Datamatiker/2. semester/Programmering/Test(P)/demo-testing-DAT/fizzbuzz.js">
      <metrics statements="5" coveredstatements="0" conditionals="10" coveredconditionals="0" methods="1" coveredmethods="0"/>
      <line num="2" count="0" type="cond" truecount="0" falsecount="2"/>
      <line num="4" count="0" type="cond" truecount="0" falsecount="4"/>
      <line num="6" count="0" type="cond" truecount="0" falsecount="2"/>
      <line num="8" count="0" type="cond" truecount="0" falsecount="2"/>
      <line num="10" count="0" type="stmt"/>
    </file>
    <file name="lib.js" path="/Users/yawboateng/Desktop/Datamatiker/2. semester/Programmering/Test(P)/demo-testing-DAT/lib.js">
      <metrics statements="18" coveredstatements="9" conditionals="6" coveredconditionals="2" methods="7" coveredmethods="1"/>
      <line num="5" count="1" type="stmt"/>
      <line num="6" count="3" type="cond" truecount="2" falsecount="0"/>
      <line num="10" count="1" type="stmt"/>
      <line num="11" count="0" type="stmt"/>
      <line num="15" count="1" type="stmt"/>
      <line num="16" count="0" type="stmt"/>
      <line num="20" count="1" type="stmt"/>
      <line num="21" count="0" type="stmt"/>
      <line num="25" count="1" type="stmt"/>
      <line num="26" count="0" type="cond" truecount="0" falsecount="2"/>
      <line num="28" count="0" type="stmt"/>
      <line num="32" count="1" type="stmt"/>
      <line num="33" count="0" type="stmt"/>
      <line num="35" count="0" type="cond" truecount="0" falsecount="2"/>
      <line num="39" count="1" type="stmt"/>
      <line num="40" count="0" type="stmt"/>
      <line num="42" count="0" type="stmt"/>
      <line num="45" count="1" type="stmt"/>
    </file>
    <file name="mail.js" path="/Users/yawboateng/Desktop/Datamatiker/2. semester/Programmering/Test(P)/demo-testing-DAT/mail.js">
      <metrics statements="2" coveredstatements="1" conditionals="0" coveredconditionals="0" methods="1" coveredmethods="0"/>
      <line num="1" count="1" type="stmt"/>
      <line num="2" count="0" type="stmt"/>
    </file>
  </project>
</coverage>
